<?xml version="1.0" encoding="UTF-8"?>
<!-- Generated by org.testng.reporters.JUnitReportReporter -->
<testsuite hostname="user" name="test.AdminLogin" tests="1" failures="0" timestamp="7 Jul 2021 10:45:28 GMT" time="0.020" errors="0">
  <testcase name="checkAdminLogin" time="0.020" classname="test.AdminLogin"/>
</testsuite> <!-- test.AdminLogin -->
